<?xml version="1.0" encoding="UTF-8"?>
<!-- Generated by org.testng.reporters.JUnitXMLReporter -->
<testsuite hostname="DESKTOP-H4OHDH0" ignored="2" name="Command line test" tests="1" failures="0" timestamp="30 Jun 2021 11:02:10 GMT" time="0.036" errors="0">
  <testcase name="@BeforeMethod SetUp" time="0.0" classname="com.MyTest.BaseTest">
    <failure type="org.testng.TestNGException" message="
Parameter &amp;apos;browser&amp;apos; is required by BeforeMethod on method SetUp but has not been marked @Optional or defined
">
      <![CDATA[org.testng.TestNGException: 
Parameter 'browser' is required by BeforeMethod on method SetUp but has not been marked @Optional or defined

... Removed 34 stack frames]]>
    </failure>
  </testcase> <!-- @BeforeMethod SetUp -->
  <testcase name="verifyLogin" time="0.0" classname="com.MyTest.SearchTest">
    <skipped/>
  </testcase> <!-- verifyLogin -->
  <testcase name="verifyLoginPageTitleTest" time="0.0" classname="com.MyTest.SearchTest">
    <ignored/>
  </testcase> <!-- verifyLoginPageTitleTest -->
  <testcase name="verifyLoginPageHeaderTest" time="0.0" classname="com.MyTest.SearchTest">
    <ignored/>
  </testcase> <!-- verifyLoginPageHeaderTest -->
</testsuite> <!-- Command line test -->
